<?xml version="1.0" encoding="UTF-8"?>
<!-- Generated by org.testng.reporters.JUnitReportReporter -->
<testsuite hostname="ADITYAMISHRA" failures="0" tests="1" name="com.Bluemark.TestCases.TC_Login_001" time="13.368" errors="0" timestamp="2021-09-09T00:23:13 IST" skipped="0">
  <testcase classname="com.Bluemark.TestCases.TC_Login_001" name="loginTest" time="13.368"/>
  <system-out/>
</testsuite> <!-- com.Bluemark.TestCases.TC_Login_001 -->
